Hyperparameter iteration: 0
env_config {'steps_per_cycle': 25, 'a_swing': 0, 'b_swing': 0.5, 'a_stance': 0.5, 'b_stance': 1, 'kappa': 25, 'x_cmd_vel': 1.5, 'y_cmd_vel': 0, 'z_cmd_vel': 0, 'terminate_when_unhealthy': True, 'max_simulation_steps': 400, 'pelvis_height': [0.6, 1.5], 'feet_distance_x': [0.0, 1.0], 'feet_distance_y': [0.0, 0.5], 'feet_distance_z': [0.0, 0.5], 'feet_pelvis_height': 0.3, 'feet_height': 0.6, 'model': 'cassie', 'render_mode': 'rgb_array', 'reset_noise_scale': 0.01, 'reward_coeffs': {'bias': 1.0, 'r_biped': 4.0, 'r_cmd': 3.0, 'r_smooth': 1.0, 'r_alternate': 2.0}}
2023-06-08 08:21:38,643	INFO algorithm.py:527 -- Current log_level is WARN. For more information, set 'log_level': 'INFO' / 'DEBUG' or use the -v and -vv flags.
[36m(RolloutWorker pid=211118)[39m 2023-06-08 08:21:42,300	WARNING env_runner_v2.py:276 -- Could not import gymnasium.envs.classic_control.rendering! Try `pip install gymnasium[all]`.
2023-06-08 08:21:42,433	WARNING util.py:67 -- Install gputil for GPU system monitoring.
Creating test environment
Episode 0 Reward Mean 21.513896932148658 Q_lef_frc 0.03629462909291748 Q_left_spd 0.9598137184381598
Traceback (most recent call last):
  File "run.py", line 240, in <module>
    apply_f_to_nested_dict(lambda x: x*(1.0+ np.random.rand()), training_config["environment"]["env_config"])
  File "run.py", line 41, in apply_f_to_nested_dict
    nested_dict[k] = f(v)
  File "run.py", line 240, in <lambda>
    apply_f_to_nested_dict(lambda x: x*(1.0+ np.random.rand()), training_config["environment"]["env_config"])
TypeError: can't multiply sequence by non-int of type 'float'
Traceback (most recent call last):
  File "run.py", line 240, in <module>
    apply_f_to_nested_dict(lambda x: x*(1.0+ np.random.rand()), training_config["environment"]["env_config"])
  File "run.py", line 41, in apply_f_to_nested_dict
    nested_dict[k] = f(v)
  File "run.py", line 240, in <lambda>
    apply_f_to_nested_dict(lambda x: x*(1.0+ np.random.rand()), training_config["environment"]["env_config"])
TypeError: can't multiply sequence by non-int of type 'float'
Checkpoint saved at /home/ajvendetta/ray_results/PPO_cassie-v0_2023-06-08_08-21-38ebcp_d4r/checkpoint_000001
Test saved at ./sims/test_25/config_0/run_0.mp4
<class 'int'>
<class 'int'>
<class 'float'>
<class 'float'>
<class 'int'>
<class 'int'>
<class 'float'>
<class 'int'>
<class 'int'>
<class 'bool'>
<class 'int'>
<class 'float'>
<class 'float'>
<class 'str'>